<testsuites id="" name="" tests="1" failures="0" skipped="0" errors="0" time="3.3940390000000003">
<testsuite name="tests/3.searchText.spec.ts" timestamp="2024-07-20T16:06:15.039Z" hostname="chromium" tests="1" failures="0" skipped="0" time="2.744" errors="0">
<testcase name="Search for &quot;money forward&quot; on Google, tab, and click on the first search result" classname="tests/3.searchText.spec.ts" time="2.744">
<system-out>
<![CDATA[
[[ATTACHMENT|../../test-results/tests-3.searchText-Search--3926e--on-the-first-search-result-chromium/test-finished-1.png]]

[[ATTACHMENT|../../test-results/tests-3.searchText-Search--3926e--on-the-first-search-result-chromium/video.webm]]
]]>
</system-out>
</testcase>
</testsuite>
</testsuites>